21:51:51.236 [main] INFO  ADV.EMCO.login - Measure::AWC Record Number 919 Processed:19651215
21:52:00.772 [main] INFO  ADV.EMCO.login - Measure::AWC Record Number 920 Processed:19651220
21:52:08.903 [main] INFO  ADV.EMCO.login - Measure::AWC Record Number 921 Processed:19651230
21:52:18.701 [main] INFO  ADV.EMCO.login - Measure::AWC Record Number 922 Processed:19651245
21:52:27.351 [main] INFO  ADV.EMCO.login - Measure::AWC Record Number 923 Processed:19651260
21:52:35.934 [main] INFO  ADV.EMCO.login - Measure::AWC Record Number 924 Processed:19651284
21:52:45.180 [main] INFO  ADV.EMCO.login - Measure::AWC Record Number 925 Processed:19651326
21:52:55.655 [main] INFO  ADV.EMCO.login - Measure::AWC Record Number 926 Processed:19651327
21:53:05.043 [main] INFO  ADV.EMCO.login - Measure::AWC Record Number 927 Processed:19651347
21:53:14.814 [main] INFO  ADV.EMCO.login - Measure::AWC Record Number 928 Processed:19651396
21:53:25.713 [main] INFO  ADV.EMCO.login - Measure::AWC Record Number 929 Processed:19651400
21:53:34.608 [main] INFO  ADV.EMCO.login - Measure::AWC Record Number 930 Processed:19651402
21:53:44.298 [main] INFO  ADV.EMCO.login - Measure::AWC Record Number 931 Processed:19651923
21:53:53.463 [main] INFO  ADV.EMCO.login - Measure::AWC Record Number 932 Processed:19651950
21:54:02.576 [main] INFO  ADV.EMCO.login - Measure::AWC Record Number 933 Processed:19651955
21:54:10.861 [main] INFO  ADV.EMCO.login - Measure::AWC Record Number 934 Processed:19651963
21:54:19.816 [main] INFO  ADV.EMCO.login - Measure::AWC Record Number 935 Processed:19651971
21:54:31.388 [main] INFO  ADV.EMCO.login - Measure::AWC Record Number 936 Processed:19652053
21:54:41.034 [main] INFO  ADV.EMCO.login - Measure::AWC Record Number 937 Processed:19652056
21:54:50.550 [main] INFO  ADV.EMCO.login - Measure::AWC Record Number 938 Processed:19652167
21:55:00.875 [main] INFO  ADV.EMCO.login - Measure::AWC Record Number 939 Processed:19652211
21:55:09.335 [main] INFO  ADV.EMCO.login - Measure::AWC Record Number 940 Processed:19652212
21:55:18.163 [main] INFO  ADV.EMCO.login - Measure::AWC Record Number 941 Processed:19653143
21:55:26.896 [main] INFO  ADV.EMCO.login - Measure::AWC Record Number 942 Processed:19653158
21:55:35.803 [main] INFO  ADV.EMCO.login - Measure::AWC Record Number 943 Processed:19653182
21:55:44.735 [main] INFO  ADV.EMCO.login - Measure::AWC Record Number 944 Processed:19653186
21:55:53.806 [main] INFO  ADV.EMCO.login - Measure::AWC Record Number 945 Processed:19653210
21:56:04.018 [main] INFO  ADV.EMCO.login - Measure::AWC Record Number 946 Processed:19653242
21:56:13.239 [main] INFO  ADV.EMCO.login - Measure::AWC Record Number 947 Processed:19649748
21:56:22.498 [main] INFO  ADV.EMCO.login - Measure::AWC Record Number 948 Processed:19649765
21:56:31.700 [main] INFO  ADV.EMCO.login - Measure::AWC Record Number 949 Processed:19649876
21:56:40.080 [main] INFO  ADV.EMCO.login - Measure::AWC Record Number 950 Processed:19649890
21:56:48.261 [main] INFO  ADV.EMCO.login - Measure::AWC Record Number 951 Processed:19649907
21:56:56.830 [main] INFO  ADV.EMCO.login - Measure::AWC Record Number 952 Processed:19649935
21:57:05.634 [main] INFO  ADV.EMCO.login - Measure::AWC Record Number 953 Processed:19649949
21:57:14.587 [main] INFO  ADV.EMCO.login - Measure::AWC Record Number 954 Processed:19649953
21:57:25.190 [main] INFO  ADV.EMCO.login - Measure::AWC Record Number 955 Processed:19649956
21:57:35.046 [main] INFO  ADV.EMCO.login - Measure::AWC Record Number 956 Processed:19649974
21:57:43.557 [main] INFO  ADV.EMCO.login - Measure::AWC Record Number 957 Processed:19650007
21:57:51.883 [main] INFO  ADV.EMCO.login - Measure::AWC Record Number 958 Processed:19650009
21:58:00.759 [main] INFO  ADV.EMCO.login - Measure::AWC Record Number 959 Processed:19650022
21:58:09.203 [main] INFO  ADV.EMCO.login - Measure::AWC Record Number 960 Processed:19650025
21:58:17.354 [main] INFO  ADV.EMCO.login - Measure::AWC Record Number 961 Processed:19650042
21:58:26.237 [main] INFO  ADV.EMCO.login - Measure::AWC Record Number 962 Processed:19650050
21:58:34.654 [main] INFO  ADV.EMCO.login - Measure::AWC Record Number 963 Processed:19650118
21:58:43.878 [main] INFO  ADV.EMCO.login - Measure::AWC Record Number 964 Processed:19650174
21:58:52.694 [main] INFO  ADV.EMCO.login - Measure::AWC Record Number 965 Processed:19650177
21:59:05.906 [main] INFO  ADV.EMCO.login - Measure::AWC Record Number 966 Processed:19650952
21:59:14.568 [main] INFO  ADV.EMCO.login - Measure::AWC Record Number 967 Processed:19650965
21:59:24.308 [main] INFO  ADV.EMCO.login - Measure::AWC Record Number 968 Processed:19651009
21:59:34.403 [main] INFO  ADV.EMCO.login - Measure::AWC Record Number 969 Processed:19651036
21:59:42.709 [main] INFO  ADV.EMCO.login - Measure::AWC Record Number 970 Processed:19651110
21:59:51.549 [main] INFO  ADV.EMCO.login - Measure::AWC Record Number 971 Processed:19651149
22:00:00.617 [main] INFO  ADV.EMCO.login - Measure::AWC Record Number 972 Processed:19651159
22:00:10.046 [main] INFO  ADV.EMCO.login - Measure::AWC Record Number 973 Processed:19651165
22:00:20.344 [main] INFO  ADV.EMCO.login - Measure::AWC Record Number 974 Processed:19651185
22:00:32.012 [main] INFO  ADV.EMCO.login - Measure::AWC Record Number 975 Processed:19651188
22:00:40.813 [main] INFO  ADV.EMCO.login - Measure::AWC Record Number 976 Processed:19651199
22:00:49.578 [main] INFO  ADV.EMCO.login - Measure::AWC Record Number 977 Processed:19651212
22:00:58.659 [main] INFO  ADV.EMCO.login - Measure::AWC Record Number 978 Processed:19651217
22:01:06.858 [main] INFO  ADV.EMCO.login - Measure::AWC Record Number 979 Processed:19651287
22:01:15.932 [main] INFO  ADV.EMCO.login - Measure::AWC Record Number 980 Processed:19651290
22:01:25.272 [main] INFO  ADV.EMCO.login - Measure::AWC Record Number 981 Processed:19651310
22:01:33.443 [main] INFO  ADV.EMCO.login - Measure::AWC Record Number 982 Processed:19651344
22:01:43.383 [main] INFO  ADV.EMCO.login - Measure::AWC Record Number 983 Processed:19651353
22:01:53.224 [main] INFO  ADV.EMCO.login - Measure::AWC Record Number 984 Processed:19651365
22:02:05.788 [main] INFO  ADV.EMCO.login - Measure::AWC Record Number 985 Processed:19651395
22:02:15.189 [main] INFO  ADV.EMCO.login - Measure::AWC Record Number 986 Processed:19651925
22:02:25.172 [main] INFO  ADV.EMCO.login - Measure::AWC Record Number 987 Processed:19651945
22:02:34.177 [main] INFO  ADV.EMCO.login - Measure::AWC Record Number 988 Processed:19651954
22:02:44.246 [main] INFO  ADV.EMCO.login - Measure::AWC Record Number 989 Processed:19652014
22:02:52.609 [main] INFO  ADV.EMCO.login - Measure::AWC Record Number 990 Processed:19652023
22:03:01.275 [main] INFO  ADV.EMCO.login - Measure::AWC Record Number 991 Processed:19652038
22:03:10.017 [main] INFO  ADV.EMCO.login - Measure::AWC Record Number 992 Processed:19652047
22:03:18.252 [main] INFO  ADV.EMCO.login - Measure::AWC Record Number 993 Processed:19652050
22:03:28.169 [main] INFO  ADV.EMCO.login - Measure::AWC Record Number 994 Processed:19652059
22:03:38.118 [main] INFO  ADV.EMCO.login - Measure::AWC Record Number 995 Processed:19652064
22:03:47.095 [main] INFO  ADV.EMCO.login - Measure::AWC Record Number 996 Processed:19652065
22:03:56.205 [main] INFO  ADV.EMCO.login - Measure::AWC Record Number 997 Processed:19652118
22:04:05.684 [main] INFO  ADV.EMCO.login - Measure::AWC Record Number 998 Processed:19652139
22:04:14.234 [main] INFO  ADV.EMCO.login - Measure::AWC Record Number 999 Processed:19652141
22:04:22.622 [main] INFO  ADV.EMCO.login - Measure::AWC Record Number 1000 Processed:19652142
22:04:31.716 [main] INFO  ADV.EMCO.login - Measure::AWC Record Number 1001 Processed:19652151
22:04:40.044 [main] INFO  ADV.EMCO.login - Measure::AWC Record Number 1002 Processed:19652196
22:04:48.853 [main] INFO  ADV.EMCO.login - Measure::AWC Record Number 1003 Processed:19653131
22:05:00.990 [main] INFO  ADV.EMCO.login - Measure::AWC Record Number 1004 Processed:19653155
22:05:10.674 [main] INFO  ADV.EMCO.login - Measure::AWC Record Number 1005 Processed:19653163
22:05:19.811 [main] INFO  ADV.EMCO.login - Measure::AWC Record Number 1006 Processed:19653167
22:05:28.624 [main] INFO  ADV.EMCO.login - Measure::AWC Record Number 1007 Processed:19653169
22:05:37.014 [main] INFO  ADV.EMCO.login - Measure::AWC Record Number 1008 Processed:19653170
22:05:45.630 [main] INFO  ADV.EMCO.login - Measure::AWC Record Number 1009 Processed:19653227
22:05:54.619 [main] INFO  ADV.EMCO.login - Measure::AWC Record Number 1010 Processed:19649760
22:06:03.717 [main] INFO  ADV.EMCO.login - Measure::AWC Record Number 1011 Processed:19649763
22:06:11.961 [main] INFO  ADV.EMCO.login - Measure::AWC Record Number 1012 Processed:19649796
22:06:20.594 [main] INFO  ADV.EMCO.login - Measure::AWC Record Number 1013 Processed:19649821
22:06:34.718 [main] INFO  ADV.EMCO.login - Measure::AWC Record Number 1014 Processed:19649863
22:06:44.642 [main] INFO  ADV.EMCO.login - Measure::AWC Record Number 1015 Processed:19649869
22:06:53.194 [main] INFO  ADV.EMCO.login - Measure::AWC Record Number 1016 Processed:19649937
22:07:02.032 [main] INFO  ADV.EMCO.login - Measure::AWC Record Number 1017 Processed:19649950
22:07:12.062 [main] INFO  ADV.EMCO.login - Measure::AWC Record Number 1018 Processed:19649957
22:07:20.982 [main] INFO  ADV.EMCO.login - Measure::AWC Record Number 1019 Processed:19649959
22:07:31.286 [main] INFO  ADV.EMCO.login - Measure::AWC Record Number 1020 Processed:19649961
22:07:39.687 [main] INFO  ADV.EMCO.login - Measure::AWC Record Number 1021 Processed:19650003
22:07:47.803 [main] INFO  ADV.EMCO.login - Measure::AWC Record Number 1022 Processed:19650004
22:07:56.440 [main] INFO  ADV.EMCO.login - Measure::AWC Record Number 1023 Processed:19650032
22:08:06.839 [main] INFO  ADV.EMCO.login - Measure::AWC Record Number 1024 Processed:19650037
22:08:15.438 [main] INFO  ADV.EMCO.login - Measure::AWC Record Number 1025 Processed:19650046
22:08:24.367 [main] INFO  ADV.EMCO.login - Measure::AWC Record Number 1026 Processed:19650061
22:08:33.379 [main] INFO  ADV.EMCO.login - Measure::AWC Record Number 1027 Processed:19650074
22:08:41.553 [main] INFO  ADV.EMCO.login - Measure::AWC Record Number 1028 Processed:19650083
22:08:50.381 [main] INFO  ADV.EMCO.login - Measure::AWC Record Number 1029 Processed:19650109
22:08:58.589 [main] INFO  ADV.EMCO.login - Measure::AWC Record Number 1030 Processed:19650113
22:09:07.351 [main] INFO  ADV.EMCO.login - Measure::AWC Record Number 1031 Processed:19650129
22:09:15.596 [main] INFO  ADV.EMCO.login - Measure::AWC Record Number 1032 Processed:19650132
22:09:24.549 [main] INFO  ADV.EMCO.login - Measure::AWC Record Number 1033 Processed:19650134
22:09:35.367 [main] INFO  ADV.EMCO.login - Measure::AWC Record Number 1034 Processed:19650139
22:09:44.644 [main] INFO  ADV.EMCO.login - Measure::AWC Record Number 1035 Processed:19650141
22:09:53.287 [main] INFO  ADV.EMCO.login - Measure::AWC Record Number 1036 Processed:19650157
22:10:01.751 [main] INFO  ADV.EMCO.login - Measure::AWC Record Number 1037 Processed:19650158
22:10:10.341 [main] INFO  ADV.EMCO.login - Measure::AWC Record Number 1038 Processed:19650172
22:10:19.049 [main] INFO  ADV.EMCO.login - Measure::AWC Record Number 1039 Processed:19650182
22:10:27.407 [main] INFO  ADV.EMCO.login - Measure::AWC Record Number 1040 Processed:19650967
22:10:35.502 [main] INFO  ADV.EMCO.login - Measure::AWC Record Number 1041 Processed:19650987
22:10:43.653 [main] INFO  ADV.EMCO.login - Measure::AWC Record Number 1042 Processed:19651049
22:10:52.419 [main] INFO  ADV.EMCO.login - Measure::AWC Record Number 1043 Processed:19651055
22:11:05.423 [main] INFO  ADV.EMCO.login - Measure::AWC Record Number 1044 Processed:19651116
22:11:14.005 [main] INFO  ADV.EMCO.login - Measure::AWC Record Number 1045 Processed:19651146
22:11:22.539 [main] INFO  ADV.EMCO.login - Measure::AWC Record Number 1046 Processed:19651147
22:11:30.888 [main] INFO  ADV.EMCO.login - Measure::AWC Record Number 1047 Processed:19651192
22:11:39.133 [main] INFO  ADV.EMCO.login - Measure::AWC Record Number 1048 Processed:19651224
22:11:47.246 [main] INFO  ADV.EMCO.login - Measure::AWC Record Number 1049 Processed:19651227
22:11:55.987 [main] INFO  ADV.EMCO.login - Measure::AWC Record Number 1050 Processed:19651252
22:12:05.388 [main] INFO  ADV.EMCO.login - Measure::AWC Record Number 1051 Processed:19651255
22:12:16.367 [main] INFO  ADV.EMCO.login - Measure::AWC Record Number 1052 Processed:19651297
22:12:25.263 [main] INFO  ADV.EMCO.login - Measure::AWC Record Number 1053 Processed:19651320
22:12:38.486 [main] INFO  ADV.EMCO.login - Measure::AWC Record Number 1054 Processed:19651342
22:12:47.662 [main] INFO  ADV.EMCO.login - Measure::AWC Record Number 1055 Processed:19651345
22:12:55.933 [main] INFO  ADV.EMCO.login - Measure::AWC Record Number 1056 Processed:19651394
22:13:04.335 [main] INFO  ADV.EMCO.login - Measure::AWC Record Number 1057 Processed:19651949
22:13:14.227 [main] INFO  ADV.EMCO.login - Measure::AWC Record Number 1058 Processed:19651958
22:13:23.692 [main] INFO  ADV.EMCO.login - Measure::AWC Record Number 1059 Processed:19651968
22:13:32.428 [main] INFO  ADV.EMCO.login - Measure::AWC Record Number 1060 Processed:19652015
22:13:41.027 [main] INFO  ADV.EMCO.login - Measure::AWC Record Number 1061 Processed:19652041
22:13:48.880 [main] INFO  ADV.EMCO.login - Measure::AWC Record Number 1062 Processed:19652057
22:13:57.325 [main] INFO  ADV.EMCO.login - Measure::AWC Record Number 1063 Processed:19652061
22:14:09.269 [main] INFO  ADV.EMCO.login - Measure::AWC Record Number 1064 Processed:19652066
22:14:21.007 [main] INFO  ADV.EMCO.login - Measure::AWC Record Number 1065 Processed:19652084
22:14:30.888 [main] INFO  ADV.EMCO.login - Measure::AWC Record Number 1066 Processed:19652115
22:14:41.128 [main] INFO  ADV.EMCO.login - Measure::AWC Record Number 1067 Processed:19652123
22:14:50.181 [main] INFO  ADV.EMCO.login - Measure::AWC Record Number 1068 Processed:19652124
22:15:01.133 [main] INFO  ADV.EMCO.login - Measure::AWC Record Number 1069 Processed:19652136
22:15:10.306 [main] INFO  ADV.EMCO.login - Measure::AWC Record Number 1070 Processed:19652156
22:15:18.764 [main] INFO  ADV.EMCO.login - Measure::AWC Record Number 1071 Processed:19652157
22:15:27.404 [main] INFO  ADV.EMCO.login - Measure::AWC Record Number 1072 Processed:19652206
22:15:35.584 [main] INFO  ADV.EMCO.login - Measure::AWC Record Number 1073 Processed:19652207
22:15:44.690 [main] INFO  ADV.EMCO.login - Measure::AWC Record Number 1074 Processed:19652218
22:15:53.599 [main] INFO  ADV.EMCO.login - Measure::AWC Record Number 1075 Processed:19652233
22:16:02.490 [main] INFO  ADV.EMCO.login - Measure::AWC Record Number 1076 Processed:19653123
22:16:10.505 [main] INFO  ADV.EMCO.login - Measure::AWC Record Number 1077 Processed:19653126
22:16:19.189 [main] INFO  ADV.EMCO.login - Measure::AWC Record Number 1078 Processed:19653133
22:16:27.729 [main] INFO  ADV.EMCO.login - Measure::AWC Record Number 1079 Processed:19653153
22:16:36.139 [main] INFO  ADV.EMCO.login - Measure::AWC Record Number 1080 Processed:19653180
22:16:45.744 [main] INFO  ADV.EMCO.login - Measure::AWC Record Number 1081 Processed:19653228
22:16:55.127 [main] INFO  ADV.EMCO.login - Measure::AWC Record Number 1082 Processed:19649750
10:22:00.035 [main] INFO  ADV.EMCO.login - Measure::IMA Record Number 151 Processed:20109429
12:31:57.740 [main] INFO  ADV.EMCO.login - Measure::AWC Record Number 1 Processed:20109513
12:33:32.534 [main] INFO  ADV.EMCO.login - Measure::AWC Record Number 1 Processed:20109513
12:33:51.358 [main] INFO  ADV.EMCO.login - Measure::AWC Record Number 2 Processed:20109564
12:34:05.687 [main] INFO  ADV.EMCO.login - Measure::AWC Record Number 3 Processed:20110209
12:34:19.841 [main] INFO  ADV.EMCO.login - Measure::AWC Record Number 4 Processed:20110298
12:34:34.551 [main] INFO  ADV.EMCO.login - Measure::AWC Record Number 5 Processed:20110301
12:34:48.629 [main] INFO  ADV.EMCO.login - Measure::AWC Record Number 6 Processed:20110360
12:35:03.795 [main] INFO  ADV.EMCO.login - Measure::AWC Record Number 7 Processed:20110371
12:35:18.434 [main] INFO  ADV.EMCO.login - Measure::AWC Record Number 8 Processed:20109422
12:35:33.508 [main] INFO  ADV.EMCO.login - Measure::AWC Record Number 9 Processed:20109504
12:35:47.517 [main] INFO  ADV.EMCO.login - Measure::AWC Record Number 10 Processed:20110215
12:36:02.292 [main] INFO  ADV.EMCO.login - Measure::AWC Record Number 11 Processed:20110368
12:36:16.405 [main] INFO  ADV.EMCO.login - Measure::AWC Record Number 12 Processed:20109293
12:36:30.718 [main] INFO  ADV.EMCO.login - Measure::AWC Record Number 13 Processed:20109450
12:36:44.590 [main] INFO  ADV.EMCO.login - Measure::AWC Record Number 14 Processed:20109484
12:36:59.376 [main] INFO  ADV.EMCO.login - Measure::AWC Record Number 15 Processed:20109488
12:37:15.256 [main] INFO  ADV.EMCO.login - Measure::AWC Record Number 16 Processed:20109497
12:37:30.306 [main] INFO  ADV.EMCO.login - Measure::AWC Record Number 17 Processed:20109505
12:37:45.070 [main] INFO  ADV.EMCO.login - Measure::AWC Record Number 18 Processed:20109529
12:37:59.573 [main] INFO  ADV.EMCO.login - Measure::AWC Record Number 19 Processed:20110294
12:38:13.125 [main] INFO  ADV.EMCO.login - Measure::AWC Record Number 20 Processed:20110295
12:38:29.161 [main] INFO  ADV.EMCO.login - Measure::AWC Record Number 21 Processed:20109361
12:38:43.910 [main] INFO  ADV.EMCO.login - Measure::AWC Record Number 22 Processed:20109319
12:38:59.658 [main] INFO  ADV.EMCO.login - Measure::AWC Record Number 23 Processed:20109359
12:39:13.825 [main] INFO  ADV.EMCO.login - Measure::AWC Record Number 24 Processed:20109360
12:39:29.362 [main] INFO  ADV.EMCO.login - Measure::AWC Record Number 25 Processed:20110226
12:39:44.247 [main] INFO  ADV.EMCO.login - Measure::AWC Record Number 26 Processed:20110241
12:40:00.025 [main] INFO  ADV.EMCO.login - Measure::AWC Record Number 27 Processed:20110277
12:40:16.135 [main] INFO  ADV.EMCO.login - Measure::AWC Record Number 28 Processed:20110300
12:40:30.631 [main] INFO  ADV.EMCO.login - Measure::AWC Record Number 29 Processed:20109310
12:40:45.916 [main] INFO  ADV.EMCO.login - Measure::AWC Record Number 30 Processed:20109292
12:41:00.194 [main] INFO  ADV.EMCO.login - Measure::AWC Record Number 31 Processed:20109295
12:41:13.918 [main] INFO  ADV.EMCO.login - Measure::AWC Record Number 32 Processed:20109309
12:41:29.113 [main] INFO  ADV.EMCO.login - Measure::AWC Record Number 33 Processed:20109311
12:41:44.096 [main] INFO  ADV.EMCO.login - Measure::AWC Record Number 34 Processed:20109316
12:41:58.343 [main] INFO  ADV.EMCO.login - Measure::AWC Record Number 35 Processed:20109397
12:42:11.625 [main] INFO  ADV.EMCO.login - Measure::AWC Record Number 36 Processed:20109478
12:42:25.150 [main] INFO  ADV.EMCO.login - Measure::AWC Record Number 37 Processed:20109482
12:42:38.825 [main] INFO  ADV.EMCO.login - Measure::AWC Record Number 38 Processed:20110316
12:42:53.260 [main] INFO  ADV.EMCO.login - Measure::AWC Record Number 39 Processed:20109290
12:43:08.117 [main] INFO  ADV.EMCO.login - Measure::AWC Record Number 40 Processed:20109396
12:43:23.054 [main] INFO  ADV.EMCO.login - Measure::AWC Record Number 41 Processed:20109401
12:43:37.838 [main] INFO  ADV.EMCO.login - Measure::AWC Record Number 42 Processed:20109423
12:43:53.271 [main] INFO  ADV.EMCO.login - Measure::AWC Record Number 43 Processed:20109514
12:44:07.288 [main] INFO  ADV.EMCO.login - Measure::AWC Record Number 44 Processed:20110232
12:44:21.354 [main] INFO  ADV.EMCO.login - Measure::AWC Record Number 45 Processed:20110274
12:44:39.172 [main] INFO  ADV.EMCO.login - Measure::AWC Record Number 46 Processed:20110276
12:44:54.311 [main] INFO  ADV.EMCO.login - Measure::AWC Record Number 47 Processed:20110343
12:45:09.377 [main] INFO  ADV.EMCO.login - Measure::AWC Record Number 48 Processed:20109307
12:45:25.461 [main] INFO  ADV.EMCO.login - Measure::AWC Record Number 49 Processed:20109392
12:45:40.029 [main] INFO  ADV.EMCO.login - Measure::AWC Record Number 50 Processed:20109451
12:45:54.900 [main] INFO  ADV.EMCO.login - Measure::AWC Record Number 51 Processed:20109477
12:46:10.877 [main] INFO  ADV.EMCO.login - Measure::AWC Record Number 52 Processed:20110210
12:46:25.941 [main] INFO  ADV.EMCO.login - Measure::AWC Record Number 53 Processed:20110280
12:46:41.748 [main] INFO  ADV.EMCO.login - Measure::AWC Record Number 54 Processed:20110318
12:46:57.069 [main] INFO  ADV.EMCO.login - Measure::AWC Record Number 55 Processed:20110344
12:47:13.148 [main] INFO  ADV.EMCO.login - Measure::AWC Record Number 56 Processed:20110359
12:47:32.789 [main] INFO  ADV.EMCO.login - Measure::AWC Record Number 57 Processed:20110370
12:47:50.653 [main] INFO  ADV.EMCO.login - Measure::AWC Record Number 58 Processed:20109286
12:48:07.120 [main] INFO  ADV.EMCO.login - Measure::AWC Record Number 59 Processed:20109321
12:48:24.257 [main] INFO  ADV.EMCO.login - Measure::AWC Record Number 60 Processed:20109399
12:48:38.778 [main] INFO  ADV.EMCO.login - Measure::AWC Record Number 61 Processed:20109403
12:48:53.688 [main] INFO  ADV.EMCO.login - Measure::AWC Record Number 62 Processed:20109528
12:49:09.210 [main] INFO  ADV.EMCO.login - Measure::AWC Record Number 63 Processed:20110272
12:49:24.721 [main] INFO  ADV.EMCO.login - Measure::AWC Record Number 64 Processed:20110273
12:49:41.118 [main] INFO  ADV.EMCO.login - Measure::AWC Record Number 65 Processed:20110317
12:49:56.730 [main] INFO  ADV.EMCO.login - Measure::AWC Record Number 66 Processed:20109289
12:50:11.068 [main] INFO  ADV.EMCO.login - Measure::AWC Record Number 67 Processed:20109291
12:50:27.770 [main] INFO  ADV.EMCO.login - Measure::AWC Record Number 68 Processed:20109306
12:50:43.759 [main] INFO  ADV.EMCO.login - Measure::AWC Record Number 69 Processed:20109320
12:50:58.667 [main] INFO  ADV.EMCO.login - Measure::AWC Record Number 70 Processed:20109446
12:51:12.824 [main] INFO  ADV.EMCO.login - Measure::AWC Record Number 71 Processed:20109512
12:51:28.383 [main] INFO  ADV.EMCO.login - Measure::AWC Record Number 72 Processed:20109527
12:51:45.264 [main] INFO  ADV.EMCO.login - Measure::AWC Record Number 73 Processed:20110320
12:52:01.851 [main] INFO  ADV.EMCO.login - Measure::AWC Record Number 74 Processed:20110342
12:52:16.557 [main] INFO  ADV.EMCO.login - Measure::AWC Record Number 75 Processed:20110367
12:52:32.228 [main] INFO  ADV.EMCO.login - Measure::AWC Record Number 76 Processed:20110372
12:52:46.624 [main] INFO  ADV.EMCO.login - Measure::AWC Record Number 77 Processed:20109285
12:53:04.659 [main] INFO  ADV.EMCO.login - Measure::AWC Record Number 78 Processed:20109398
12:53:20.110 [main] INFO  ADV.EMCO.login - Measure::AWC Record Number 79 Processed:20109453
12:53:34.932 [main] INFO  ADV.EMCO.login - Measure::AWC Record Number 80 Processed:20109454
12:53:49.294 [main] INFO  ADV.EMCO.login - Measure::AWC Record Number 81 Processed:20109480
12:54:06.165 [main] INFO  ADV.EMCO.login - Measure::AWC Record Number 82 Processed:20109500
12:54:23.227 [main] INFO  ADV.EMCO.login - Measure::AWC Record Number 83 Processed:20110278
12:54:37.952 [main] INFO  ADV.EMCO.login - Measure::AWC Record Number 84 Processed:20109315
12:54:53.952 [main] INFO  ADV.EMCO.login - Measure::AWC Record Number 85 Processed:20109444
12:55:08.849 [main] INFO  ADV.EMCO.login - Measure::AWC Record Number 86 Processed:20109506
12:55:25.910 [main] INFO  ADV.EMCO.login - Measure::AWC Record Number 87 Processed:20110297
12:55:43.667 [main] INFO  ADV.EMCO.login - Measure::AWC Record Number 88 Processed:20110339
12:55:59.118 [main] INFO  ADV.EMCO.login - Measure::AWC Record Number 89 Processed:20110340
12:56:13.618 [main] INFO  ADV.EMCO.login - Measure::AWC Record Number 90 Processed:20110369
12:56:29.095 [main] INFO  ADV.EMCO.login - Measure::AWC Record Number 91 Processed:20109288
12:56:45.402 [main] INFO  ADV.EMCO.login - Measure::AWC Record Number 92 Processed:20109362
12:57:00.927 [main] INFO  ADV.EMCO.login - Measure::AWC Record Number 93 Processed:20109400
12:57:16.623 [main] INFO  ADV.EMCO.login - Measure::AWC Record Number 94 Processed:20109445
12:57:32.009 [main] INFO  ADV.EMCO.login - Measure::AWC Record Number 95 Processed:20109447
12:57:46.520 [main] INFO  ADV.EMCO.login - Measure::AWC Record Number 96 Processed:20109492
12:58:05.388 [main] INFO  ADV.EMCO.login - Measure::AWC Record Number 97 Processed:20109540
12:58:20.678 [main] INFO  ADV.EMCO.login - Measure::AWC Record Number 98 Processed:20110213
12:58:35.881 [main] INFO  ADV.EMCO.login - Measure::AWC Record Number 99 Processed:20110216
12:58:52.020 [main] INFO  ADV.EMCO.login - Measure::AWC Record Number 100 Processed:20109297
12:59:08.556 [main] INFO  ADV.EMCO.login - Measure::AWC Record Number 101 Processed:20109358
12:59:25.882 [main] INFO  ADV.EMCO.login - Measure::AWC Record Number 102 Processed:20109363
12:59:41.765 [main] INFO  ADV.EMCO.login - Measure::AWC Record Number 103 Processed:20109449
12:59:57.568 [main] INFO  ADV.EMCO.login - Measure::AWC Record Number 104 Processed:20109499
13:00:13.196 [main] INFO  ADV.EMCO.login - Measure::AWC Record Number 105 Processed:20109542
13:00:29.103 [main] INFO  ADV.EMCO.login - Measure::AWC Record Number 106 Processed:20110281
13:00:43.746 [main] INFO  ADV.EMCO.login - Measure::AWC Record Number 107 Processed:20110299
13:01:01.059 [main] INFO  ADV.EMCO.login - Measure::AWC Record Number 108 Processed:20110326
13:01:18.448 [main] INFO  ADV.EMCO.login - Measure::AWC Record Number 109 Processed:20110361
13:01:37.080 [main] INFO  ADV.EMCO.login - Measure::AWC Record Number 110 Processed:20109317
13:01:53.919 [main] INFO  ADV.EMCO.login - Measure::AWC Record Number 111 Processed:20109395
13:02:08.682 [main] INFO  ADV.EMCO.login - Measure::AWC Record Number 112 Processed:20109421
13:02:23.512 [main] INFO  ADV.EMCO.login - Measure::AWC Record Number 113 Processed:20109448
13:02:38.104 [main] INFO  ADV.EMCO.login - Measure::AWC Record Number 114 Processed:20109476
13:02:52.188 [main] INFO  ADV.EMCO.login - Measure::AWC Record Number 115 Processed:20109481
13:03:06.794 [main] INFO  ADV.EMCO.login - Measure::AWC Record Number 116 Processed:20109498
13:03:22.066 [main] INFO  ADV.EMCO.login - Measure::AWC Record Number 117 Processed:20109501
13:03:36.979 [main] INFO  ADV.EMCO.login - Measure::AWC Record Number 118 Processed:20110214
13:03:51.685 [main] INFO  ADV.EMCO.login - Measure::AWC Record Number 119 Processed:20110362
13:04:09.345 [main] INFO  ADV.EMCO.login - Measure::AWC Record Number 120 Processed:20109296
13:04:24.362 [main] INFO  ADV.EMCO.login - Measure::AWC Record Number 121 Processed:20109402
13:04:40.645 [main] INFO  ADV.EMCO.login - Measure::AWC Record Number 122 Processed:20109455
13:04:56.401 [main] INFO  ADV.EMCO.login - Measure::AWC Record Number 123 Processed:20109479
13:05:11.889 [main] INFO  ADV.EMCO.login - Measure::AWC Record Number 124 Processed:20109494
13:05:27.678 [main] INFO  ADV.EMCO.login - Measure::AWC Record Number 125 Processed:20110227
13:05:43.793 [main] INFO  ADV.EMCO.login - Measure::AWC Record Number 126 Processed:20110279
13:06:00.415 [main] INFO  ADV.EMCO.login - Measure::AWC Record Number 127 Processed:20109308
13:06:14.388 [main] INFO  ADV.EMCO.login - Measure::AWC Record Number 128 Processed:20109312
13:06:29.440 [main] INFO  ADV.EMCO.login - Measure::AWC Record Number 129 Processed:20109318
13:06:43.618 [main] INFO  ADV.EMCO.login - Measure::AWC Record Number 130 Processed:20109496
13:06:58.007 [main] INFO  ADV.EMCO.login - Measure::AWC Record Number 131 Processed:20109539
13:07:14.730 [main] INFO  ADV.EMCO.login - Measure::AWC Record Number 132 Processed:20109543
13:07:29.954 [main] INFO  ADV.EMCO.login - Measure::AWC Record Number 133 Processed:20110225
13:07:43.375 [main] INFO  ADV.EMCO.login - Measure::AWC Record Number 134 Processed:20110242
13:07:58.268 [main] INFO  ADV.EMCO.login - Measure::AWC Record Number 135 Processed:20109287
13:38:36.028 [main] INFO  ADV.EMCO.login - Measure::PPC Record Number 1 Processed:20109562
13:38:44.254 [main] INFO  ADV.EMCO.login - Measure::PPC Record Number 2 Processed:20109580
13:38:52.326 [main] INFO  ADV.EMCO.login - Measure::PPC Record Number 3 Processed:20109703
13:39:03.034 [main] INFO  ADV.EMCO.login - Measure::PPC Record Number 4 Processed:20109718
13:39:10.540 [main] INFO  ADV.EMCO.login - Measure::PPC Record Number 5 Processed:20110230
13:39:18.307 [main] INFO  ADV.EMCO.login - Measure::PPC Record Number 6 Processed:20110312
13:39:26.547 [main] INFO  ADV.EMCO.login - Measure::PPC Record Number 7 Processed:20110432
13:39:34.453 [main] INFO  ADV.EMCO.login - Measure::PPC Record Number 8 Processed:20109522
13:39:42.507 [main] INFO  ADV.EMCO.login - Measure::PPC Record Number 9 Processed:20109629
13:39:50.430 [main] INFO  ADV.EMCO.login - Measure::PPC Record Number 10 Processed:20109687
13:39:59.619 [main] INFO  ADV.EMCO.login - Measure::PPC Record Number 11 Processed:20109717
13:40:08.350 [main] INFO  ADV.EMCO.login - Measure::PPC Record Number 12 Processed:20109757
13:40:16.899 [main] INFO  ADV.EMCO.login - Measure::PPC Record Number 13 Processed:20110395
13:40:26.353 [main] INFO  ADV.EMCO.login - Measure::PPC Record Number 14 Processed:20109585
13:40:35.385 [main] INFO  ADV.EMCO.login - Measure::PPC Record Number 15 Processed:20109558
13:40:43.156 [main] INFO  ADV.EMCO.login - Measure::PPC Record Number 16 Processed:20109686
13:40:51.419 [main] INFO  ADV.EMCO.login - Measure::PPC Record Number 17 Processed:20109719
13:40:59.217 [main] INFO  ADV.EMCO.login - Measure::PPC Record Number 18 Processed:20110321
13:41:07.065 [main] INFO  ADV.EMCO.login - Measure::PPC Record Number 19 Processed:20110356
13:41:14.902 [main] INFO  ADV.EMCO.login - Measure::PPC Record Number 20 Processed:20110556
13:41:22.910 [main] INFO  ADV.EMCO.login - Measure::PPC Record Number 21 Processed:20110557
13:41:34.196 [main] INFO  ADV.EMCO.login - Measure::PPC Record Number 22 Processed:20109524
13:41:43.220 [main] INFO  ADV.EMCO.login - Measure::PPC Record Number 23 Processed:20109605
13:41:51.178 [main] INFO  ADV.EMCO.login - Measure::PPC Record Number 24 Processed:20109684
13:41:58.886 [main] INFO  ADV.EMCO.login - Measure::PPC Record Number 25 Processed:20110390
13:42:06.707 [main] INFO  ADV.EMCO.login - Measure::PPC Record Number 26 Processed:20109582
13:42:13.919 [main] INFO  ADV.EMCO.login - Measure::PPC Record Number 27 Processed:20109711
13:42:22.772 [main] INFO  ADV.EMCO.login - Measure::PPC Record Number 28 Processed:20110563
13:42:30.610 [main] INFO  ADV.EMCO.login - Measure::PPC Record Number 29 Processed:20109678
13:42:38.266 [main] INFO  ADV.EMCO.login - Measure::PPC Record Number 30 Processed:20109694
13:42:45.828 [main] INFO  ADV.EMCO.login - Measure::PPC Record Number 31 Processed:20109700
13:42:53.367 [main] INFO  ADV.EMCO.login - Measure::PPC Record Number 32 Processed:20109714
13:43:02.935 [main] INFO  ADV.EMCO.login - Measure::PPC Record Number 33 Processed:20109755
13:43:12.017 [main] INFO  ADV.EMCO.login - Measure::PPC Record Number 34 Processed:20110355
13:43:19.957 [main] INFO  ADV.EMCO.login - Measure::PPC Record Number 35 Processed:20110365
13:43:28.200 [main] INFO  ADV.EMCO.login - Measure::PPC Record Number 36 Processed:20110469
13:43:36.283 [main] INFO  ADV.EMCO.login - Measure::PPC Record Number 37 Processed:20110564
13:43:43.731 [main] INFO  ADV.EMCO.login - Measure::PPC Record Number 38 Processed:20109583
13:43:51.023 [main] INFO  ADV.EMCO.login - Measure::PPC Record Number 39 Processed:20109561
13:43:58.526 [main] INFO  ADV.EMCO.login - Measure::PPC Record Number 40 Processed:20109608
13:44:05.990 [main] INFO  ADV.EMCO.login - Measure::PPC Record Number 41 Processed:20109634
13:44:13.475 [main] INFO  ADV.EMCO.login - Measure::PPC Record Number 42 Processed:20109688
13:44:23.579 [main] INFO  ADV.EMCO.login - Measure::PPC Record Number 43 Processed:20110554
13:44:32.125 [main] INFO  ADV.EMCO.login - Measure::PPC Record Number 44 Processed:20110584
13:44:39.939 [main] INFO  ADV.EMCO.login - Measure::PPC Record Number 45 Processed:20109526
13:44:48.614 [main] INFO  ADV.EMCO.login - Measure::PPC Record Number 46 Processed:20109683
13:44:56.876 [main] INFO  ADV.EMCO.login - Measure::PPC Record Number 47 Processed:20110524
13:45:04.805 [main] INFO  ADV.EMCO.login - Measure::PPC Record Number 48 Processed:20110544
13:45:13.378 [main] INFO  ADV.EMCO.login - Measure::PPC Record Number 49 Processed:20109538
13:45:22.308 [main] INFO  ADV.EMCO.login - Measure::PPC Record Number 50 Processed:20109584
13:45:29.585 [main] INFO  ADV.EMCO.login - Measure::PPC Record Number 51 Processed:20109632
13:45:39.703 [main] INFO  ADV.EMCO.login - Measure::PPC Record Number 52 Processed:20109633
13:45:48.213 [main] INFO  ADV.EMCO.login - Measure::PPC Record Number 53 Processed:20109682
13:45:55.765 [main] INFO  ADV.EMCO.login - Measure::PPC Record Number 54 Processed:20109698
13:46:03.801 [main] INFO  ADV.EMCO.login - Measure::PPC Record Number 55 Processed:20109710
13:46:11.922 [main] INFO  ADV.EMCO.login - Measure::PPC Record Number 56 Processed:20109712
13:46:20.167 [main] INFO  ADV.EMCO.login - Measure::PPC Record Number 57 Processed:20109754
13:46:27.514 [main] INFO  ADV.EMCO.login - Measure::PPC Record Number 58 Processed:20110322
13:46:35.009 [main] INFO  ADV.EMCO.login - Measure::PPC Record Number 59 Processed:20110516
13:46:42.425 [main] INFO  ADV.EMCO.login - Measure::PPC Record Number 60 Processed:20110520
13:46:50.732 [main] INFO  ADV.EMCO.login - Measure::PPC Record Number 61 Processed:20109536
13:46:58.199 [main] INFO  ADV.EMCO.login - Measure::PPC Record Number 62 Processed:20109679
13:47:06.032 [main] INFO  ADV.EMCO.login - Measure::PPC Record Number 63 Processed:20109704
13:47:14.351 [main] INFO  ADV.EMCO.login - Measure::PPC Record Number 64 Processed:20110313
13:47:22.811 [main] INFO  ADV.EMCO.login - Measure::PPC Record Number 65 Processed:20110323
13:47:33.087 [main] INFO  ADV.EMCO.login - Measure::PPC Record Number 66 Processed:20110545
13:47:40.760 [main] INFO  ADV.EMCO.login - Measure::PPC Record Number 67 Processed:20110555
13:47:48.434 [main] INFO  ADV.EMCO.login - Measure::PPC Record Number 68 Processed:20110560
13:47:56.014 [main] INFO  ADV.EMCO.login - Measure::PPC Record Number 69 Processed:20109535
13:48:04.428 [main] INFO  ADV.EMCO.login - Measure::PPC Record Number 70 Processed:20109653
13:48:12.008 [main] INFO  ADV.EMCO.login - Measure::PPC Record Number 71 Processed:20109654
13:48:19.595 [main] INFO  ADV.EMCO.login - Measure::PPC Record Number 72 Processed:20109706
13:48:28.623 [main] INFO  ADV.EMCO.login - Measure::PPC Record Number 73 Processed:20110307
13:48:38.313 [main] INFO  ADV.EMCO.login - Measure::PPC Record Number 74 Processed:20110394
13:48:45.929 [main] INFO  ADV.EMCO.login - Measure::PPC Record Number 75 Processed:20110581
13:48:53.429 [main] INFO  ADV.EMCO.login - Measure::PPC Record Number 76 Processed:20109559
13:49:03.696 [main] INFO  ADV.EMCO.login - Measure::PPC Record Number 77 Processed:20109656
13:49:11.244 [main] INFO  ADV.EMCO.login - Measure::PPC Record Number 78 Processed:20109680
13:49:20.197 [main] INFO  ADV.EMCO.login - Measure::PPC Record Number 79 Processed:20110314
13:49:28.659 [main] INFO  ADV.EMCO.login - Measure::PPC Record Number 80 Processed:20110565
13:49:38.923 [main] INFO  ADV.EMCO.login - Measure::PPC Record Number 81 Processed:20109560
13:49:47.655 [main] INFO  ADV.EMCO.login - Measure::PPC Record Number 82 Processed:20109696
13:49:55.470 [main] INFO  ADV.EMCO.login - Measure::PPC Record Number 83 Processed:20110389
13:50:03.335 [main] INFO  ADV.EMCO.login - Measure::PPC Record Number 84 Processed:20110393
13:50:11.598 [main] INFO  ADV.EMCO.login - Measure::PPC Record Number 85 Processed:20110517
13:50:19.332 [main] INFO  ADV.EMCO.login - Measure::PPC Record Number 86 Processed:20109685
13:50:30.678 [main] INFO  ADV.EMCO.login - Measure::PPC Record Number 87 Processed:20109631
13:50:39.242 [main] INFO  ADV.EMCO.login - Measure::PPC Record Number 88 Processed:20109741
13:50:46.734 [main] INFO  ADV.EMCO.login - Measure::PPC Record Number 89 Processed:20109758
13:50:54.291 [main] INFO  ADV.EMCO.login - Measure::PPC Record Number 90 Processed:20110500
13:51:03.178 [main] INFO  ADV.EMCO.login - Measure::PPC Record Number 91 Processed:20109581
13:51:11.540 [main] INFO  ADV.EMCO.login - Measure::PPC Record Number 92 Processed:20109607
13:51:19.963 [main] INFO  ADV.EMCO.login - Measure::PPC Record Number 93 Processed:20109630
13:51:27.896 [main] INFO  ADV.EMCO.login - Measure::PPC Record Number 94 Processed:20109655
13:51:35.956 [main] INFO  ADV.EMCO.login - Measure::PPC Record Number 95 Processed:20109695
13:51:44.059 [main] INFO  ADV.EMCO.login - Measure::PPC Record Number 96 Processed:20109699
13:51:51.901 [main] INFO  ADV.EMCO.login - Measure::PPC Record Number 97 Processed:20109701
13:52:02.560 [main] INFO  ADV.EMCO.login - Measure::PPC Record Number 98 Processed:20110310
13:52:10.524 [main] INFO  ADV.EMCO.login - Measure::PPC Record Number 99 Processed:20110357
13:52:18.882 [main] INFO  ADV.EMCO.login - Measure::PPC Record Number 100 Processed:20110387
13:55:10.199 [main] INFO  ADV.EMCO.login - Measure::PPC Record Number 101 Processed:20109604
13:55:18.193 [main] INFO  ADV.EMCO.login - Measure::PPC Record Number 102 Processed:20109537
13:55:26.718 [main] INFO  ADV.EMCO.login - Measure::PPC Record Number 103 Processed:20109603
13:55:35.975 [main] INFO  ADV.EMCO.login - Measure::PPC Record Number 104 Processed:20109606
13:55:44.048 [main] INFO  ADV.EMCO.login - Measure::PPC Record Number 105 Processed:20109681
13:55:51.913 [main] INFO  ADV.EMCO.login - Measure::PPC Record Number 106 Processed:20109697
13:56:00.183 [main] INFO  ADV.EMCO.login - Measure::PPC Record Number 107 Processed:20109702
13:56:08.331 [main] INFO  ADV.EMCO.login - Measure::PPC Record Number 108 Processed:20109715
13:56:16.193 [main] INFO  ADV.EMCO.login - Measure::PPC Record Number 109 Processed:20109739
13:56:26.955 [main] INFO  ADV.EMCO.login - Measure::PPC Record Number 110 Processed:20110499
13:56:36.872 [main] INFO  ADV.EMCO.login - Measure::PPC Record Number 111 Processed:20109534
14:26:27.404 [main] INFO  ADV.EMCO.login - Measure::WCC Record Number 1 Processed:20109658
14:26:40.328 [main] INFO  ADV.EMCO.login - Measure::WCC Record Number 2 Processed:20109707
14:26:48.924 [main] INFO  ADV.EMCO.login - Measure::WCC Record Number 3 Processed:20110334
14:26:59.002 [main] INFO  ADV.EMCO.login - Measure::WCC Record Number 4 Processed:20110506
14:27:07.162 [main] INFO  ADV.EMCO.login - Measure::WCC Record Number 5 Processed:20110614
14:27:15.496 [main] INFO  ADV.EMCO.login - Measure::WCC Record Number 6 Processed:20109617
14:27:24.377 [main] INFO  ADV.EMCO.login - Measure::WCC Record Number 7 Processed:20109761
14:27:32.779 [main] INFO  ADV.EMCO.login - Measure::WCC Record Number 8 Processed:20110588
14:27:40.995 [main] INFO  ADV.EMCO.login - Measure::WCC Record Number 9 Processed:20109636
14:27:50.432 [main] INFO  ADV.EMCO.login - Measure::WCC Record Number 10 Processed:20109660
14:28:01.590 [main] INFO  ADV.EMCO.login - Measure::WCC Record Number 11 Processed:20109661
14:28:09.618 [main] INFO  ADV.EMCO.login - Measure::WCC Record Number 12 Processed:20109720
14:28:18.974 [main] INFO  ADV.EMCO.login - Measure::WCC Record Number 13 Processed:20109779
14:28:27.833 [main] INFO  ADV.EMCO.login - Measure::WCC Record Number 14 Processed:20110503
14:28:36.533 [main] INFO  ADV.EMCO.login - Measure::WCC Record Number 15 Processed:20109621
14:28:44.787 [main] INFO  ADV.EMCO.login - Measure::WCC Record Number 16 Processed:20109635
14:28:53.113 [main] INFO  ADV.EMCO.login - Measure::WCC Record Number 17 Processed:20109665
14:29:01.707 [main] INFO  ADV.EMCO.login - Measure::WCC Record Number 18 Processed:20109763
14:29:10.945 [main] INFO  ADV.EMCO.login - Measure::WCC Record Number 19 Processed:20109778
14:29:19.774 [main] INFO  ADV.EMCO.login - Measure::WCC Record Number 20 Processed:20110315
14:29:28.075 [main] INFO  ADV.EMCO.login - Measure::WCC Record Number 21 Processed:20110332
14:29:37.556 [main] INFO  ADV.EMCO.login - Measure::WCC Record Number 22 Processed:20109622
14:29:46.637 [main] INFO  ADV.EMCO.login - Measure::WCC Record Number 23 Processed:20110505
14:29:55.773 [main] INFO  ADV.EMCO.login - Measure::WCC Record Number 24 Processed:20110549
14:30:04.362 [main] INFO  ADV.EMCO.login - Measure::WCC Record Number 25 Processed:20110569
14:30:13.795 [main] INFO  ADV.EMCO.login - Measure::WCC Record Number 26 Processed:20110591
14:30:23.535 [main] INFO  ADV.EMCO.login - Measure::WCC Record Number 27 Processed:20109610
14:30:31.968 [main] INFO  ADV.EMCO.login - Measure::WCC Record Number 28 Processed:20109663
14:30:41.368 [main] INFO  ADV.EMCO.login - Measure::WCC Record Number 29 Processed:20110608
14:30:49.987 [main] INFO  ADV.EMCO.login - Measure::WCC Record Number 30 Processed:20109637
14:30:58.860 [main] INFO  ADV.EMCO.login - Measure::WCC Record Number 31 Processed:20109620
14:31:07.019 [main] INFO  ADV.EMCO.login - Measure::WCC Record Number 32 Processed:20109691
14:31:15.904 [main] INFO  ADV.EMCO.login - Measure::WCC Record Number 33 Processed:20110470
14:31:24.363 [main] INFO  ADV.EMCO.login - Measure::WCC Record Number 34 Processed:20110501
14:31:33.229 [main] INFO  ADV.EMCO.login - Measure::WCC Record Number 35 Processed:20110567
14:31:41.719 [main] INFO  ADV.EMCO.login - Measure::WCC Record Number 36 Processed:20110585
14:31:51.514 [main] INFO  ADV.EMCO.login - Measure::WCC Record Number 37 Processed:20110616
14:32:01.524 [main] INFO  ADV.EMCO.login - Measure::WCC Record Number 38 Processed:20109616
14:32:10.529 [main] INFO  ADV.EMCO.login - Measure::WCC Record Number 39 Processed:20109657
14:32:19.508 [main] INFO  ADV.EMCO.login - Measure::WCC Record Number 40 Processed:20109692
14:32:27.917 [main] INFO  ADV.EMCO.login - Measure::WCC Record Number 41 Processed:20109722
14:32:36.103 [main] INFO  ADV.EMCO.login - Measure::WCC Record Number 42 Processed:20109724
14:32:45.215 [main] INFO  ADV.EMCO.login - Measure::WCC Record Number 43 Processed:20109760
14:32:53.798 [main] INFO  ADV.EMCO.login - Measure::WCC Record Number 44 Processed:20110331
14:33:02.300 [main] INFO  ADV.EMCO.login - Measure::WCC Record Number 45 Processed:20110337
14:33:10.827 [main] INFO  ADV.EMCO.login - Measure::WCC Record Number 46 Processed:20110475
14:33:19.372 [main] INFO  ADV.EMCO.login - Measure::WCC Record Number 47 Processed:20110502
14:33:28.134 [main] INFO  ADV.EMCO.login - Measure::WCC Record Number 48 Processed:20109613
14:33:36.165 [main] INFO  ADV.EMCO.login - Measure::WCC Record Number 49 Processed:20109667
14:33:44.508 [main] INFO  ADV.EMCO.login - Measure::WCC Record Number 50 Processed:20109764
14:33:53.168 [main] INFO  ADV.EMCO.login - Measure::WCC Record Number 51 Processed:20109772
14:34:03.604 [main] INFO  ADV.EMCO.login - Measure::WCC Record Number 52 Processed:20110333
14:34:12.759 [main] INFO  ADV.EMCO.login - Measure::WCC Record Number 53 Processed:20110507
14:34:22.407 [main] INFO  ADV.EMCO.login - Measure::WCC Record Number 54 Processed:20110570
14:34:31.167 [main] INFO  ADV.EMCO.login - Measure::WCC Record Number 55 Processed:20110587
14:34:39.377 [main] INFO  ADV.EMCO.login - Measure::WCC Record Number 56 Processed:20109609
14:34:49.122 [main] INFO  ADV.EMCO.login - Measure::WCC Record Number 57 Processed:20109765
14:34:57.530 [main] INFO  ADV.EMCO.login - Measure::WCC Record Number 58 Processed:20109770
14:35:05.833 [main] INFO  ADV.EMCO.login - Measure::WCC Record Number 59 Processed:20110330
14:35:14.556 [main] INFO  ADV.EMCO.login - Measure::WCC Record Number 60 Processed:20110610
14:35:23.797 [main] INFO  ADV.EMCO.login - Measure::WCC Record Number 61 Processed:20110611
14:35:31.892 [main] INFO  ADV.EMCO.login - Measure::WCC Record Number 62 Processed:20109612
14:35:41.026 [main] INFO  ADV.EMCO.login - Measure::WCC Record Number 63 Processed:20110546
14:35:49.750 [main] INFO  ADV.EMCO.login - Measure::WCC Record Number 64 Processed:20110526
14:35:58.456 [main] INFO  ADV.EMCO.login - Measure::WCC Record Number 65 Processed:20109776
14:36:06.679 [main] INFO  ADV.EMCO.login - Measure::WCC Record Number 66 Processed:20110328
14:36:14.790 [main] INFO  ADV.EMCO.login - Measure::WCC Record Number 67 Processed:20110364
14:36:23.159 [main] INFO  ADV.EMCO.login - Measure::WCC Record Number 68 Processed:20110586
14:36:31.529 [main] INFO  ADV.EMCO.login - Measure::WCC Record Number 69 Processed:20110612
14:36:40.779 [main] INFO  ADV.EMCO.login - Measure::WCC Record Number 70 Processed:20109693
14:36:49.214 [main] INFO  ADV.EMCO.login - Measure::WCC Record Number 71 Processed:20109762
14:36:58.517 [main] INFO  ADV.EMCO.login - Measure::WCC Record Number 72 Processed:20109775
14:37:06.851 [main] INFO  ADV.EMCO.login - Measure::WCC Record Number 73 Processed:20110325
14:37:16.637 [main] INFO  ADV.EMCO.login - Measure::WCC Record Number 74 Processed:20110471
14:37:25.942 [main] INFO  ADV.EMCO.login - Measure::WCC Record Number 75 Processed:20110615
14:37:33.973 [main] INFO  ADV.EMCO.login - Measure::WCC Record Number 76 Processed:20109664
14:37:41.967 [main] INFO  ADV.EMCO.login - Measure::WCC Record Number 77 Processed:20109774
14:37:50.405 [main] INFO  ADV.EMCO.login - Measure::WCC Record Number 78 Processed:20110336
14:37:58.525 [main] INFO  ADV.EMCO.login - Measure::WCC Record Number 79 Processed:20110473
14:38:07.084 [main] INFO  ADV.EMCO.login - Measure::WCC Record Number 80 Processed:20110525
14:38:15.918 [main] INFO  ADV.EMCO.login - Measure::WCC Record Number 81 Processed:20110590
14:38:24.685 [main] INFO  ADV.EMCO.login - Measure::WCC Record Number 82 Processed:20110613
14:38:34.905 [main] INFO  ADV.EMCO.login - Measure::WCC Record Number 83 Processed:20109614
14:38:43.987 [main] INFO  ADV.EMCO.login - Measure::WCC Record Number 84 Processed:20109619
14:38:51.998 [main] INFO  ADV.EMCO.login - Measure::WCC Record Number 85 Processed:20109662
14:38:59.932 [main] INFO  ADV.EMCO.login - Measure::WCC Record Number 86 Processed:20109666
14:39:08.898 [main] INFO  ADV.EMCO.login - Measure::WCC Record Number 87 Processed:20109690
14:39:17.137 [main] INFO  ADV.EMCO.login - Measure::WCC Record Number 88 Processed:20109721
14:39:25.574 [main] INFO  ADV.EMCO.login - Measure::WCC Record Number 89 Processed:20109723
14:39:34.541 [main] INFO  ADV.EMCO.login - Measure::WCC Record Number 90 Processed:20109771
14:39:43.173 [main] INFO  ADV.EMCO.login - Measure::WCC Record Number 91 Processed:20110329
14:39:53.000 [main] INFO  ADV.EMCO.login - Measure::WCC Record Number 92 Processed:20110415
14:40:03.948 [main] INFO  ADV.EMCO.login - Measure::WCC Record Number 93 Processed:20109611
14:40:13.748 [main] INFO  ADV.EMCO.login - Measure::WCC Record Number 94 Processed:20109659
14:40:23.365 [main] INFO  ADV.EMCO.login - Measure::WCC Record Number 95 Processed:20110414
14:40:31.551 [main] INFO  ADV.EMCO.login - Measure::WCC Record Number 96 Processed:20110472
14:40:39.792 [main] INFO  ADV.EMCO.login - Measure::WCC Record Number 97 Processed:20110504
14:40:48.001 [main] INFO  ADV.EMCO.login - Measure::WCC Record Number 98 Processed:20110547
14:40:56.800 [main] INFO  ADV.EMCO.login - Measure::WCC Record Number 99 Processed:20109615
